2018/07/15 18:33:29 [error] [exception.CHttpException.404] CHttpException: Unable to resolve the request "assets/543a7aae/jquery.yii.js". in C:\xampp\htdocs\cricketLeague\yii\framework\web\CWebApplication.php:286
Stack trace:
#0 C:\xampp\htdocs\cricketLeague\yii\framework\web\CWebApplication.php(141): CWebApplication->runController('assets/543a7aae...')
#1 C:\xampp\htdocs\cricketLeague\yii\framework\base\CApplication.php(185): CWebApplication->processRequest()
#2 C:\xampp\htdocs\cricketLeague\index.php(13): CApplication->run()
#3 {main}
REQUEST_URI=/cricketLeague/assets/543a7aae/jquery.yii.js
HTTP_REFERER=http://localhost/cricketLeague/
---
2018/07/15 18:33:29 [error] [exception.CHttpException.404] CHttpException: Unable to resolve the request "assets/543a7aae/jquery.min.js". in C:\xampp\htdocs\cricketLeague\yii\framework\web\CWebApplication.php:286
Stack trace:
#0 C:\xampp\htdocs\cricketLeague\yii\framework\web\CWebApplication.php(141): CWebApplication->runController('assets/543a7aae...')
#1 C:\xampp\htdocs\cricketLeague\yii\framework\base\CApplication.php(185): CWebApplication->processRequest()
#2 C:\xampp\htdocs\cricketLeague\index.php(13): CApplication->run()
#3 {main}
REQUEST_URI=/cricketLeague/assets/543a7aae/jquery.min.js
HTTP_REFERER=http://localhost/cricketLeague/
---
2018/07/15 18:33:29 [error] [exception.CHttpException.404] CHttpException: Unable to resolve the request "assets/543a7aae/jquery.yii.js". in C:\xampp\htdocs\cricketLeague\yii\framework\web\CWebApplication.php:286
Stack trace:
#0 C:\xampp\htdocs\cricketLeague\yii\framework\web\CWebApplication.php(141): CWebApplication->runController('assets/543a7aae...')
#1 C:\xampp\htdocs\cricketLeague\yii\framework\base\CApplication.php(185): CWebApplication->processRequest()
#2 C:\xampp\htdocs\cricketLeague\index.php(13): CApplication->run()
#3 {main}
REQUEST_URI=/cricketLeague/assets/543a7aae/jquery.yii.js
HTTP_REFERER=http://localhost/cricketLeague/
---
2018/07/15 18:33:29 [error] [exception.CHttpException.404] CHttpException: Unable to resolve the request "assets/543a7aae/jquery.ba-bbq.min.js". in C:\xampp\htdocs\cricketLeague\yii\framework\web\CWebApplication.php:286
Stack trace:
#0 C:\xampp\htdocs\cricketLeague\yii\framework\web\CWebApplication.php(141): CWebApplication->runController('assets/543a7aae...')
#1 C:\xampp\htdocs\cricketLeague\yii\framework\base\CApplication.php(185): CWebApplication->processRequest()
#2 C:\xampp\htdocs\cricketLeague\index.php(13): CApplication->run()
#3 {main}
REQUEST_URI=/cricketLeague/assets/543a7aae/jquery.ba-bbq.min.js
HTTP_REFERER=http://localhost/cricketLeague/
---
2018/07/15 18:33:35 [error] [exception.CHttpException.404] CHttpException: Unable to resolve the request "assets/543a7aae/jquery.min.js". in C:\xampp\htdocs\cricketLeague\yii\framework\web\CWebApplication.php:286
Stack trace:
#0 C:\xampp\htdocs\cricketLeague\yii\framework\web\CWebApplication.php(141): CWebApplication->runController('assets/543a7aae...')
#1 C:\xampp\htdocs\cricketLeague\yii\framework\base\CApplication.php(185): CWebApplication->processRequest()
#2 C:\xampp\htdocs\cricketLeague\index.php(13): CApplication->run()
#3 {main}
REQUEST_URI=/cricketLeague/assets/543a7aae/jquery.min.js
HTTP_REFERER=http://localhost/cricketLeague/
---
2018/07/15 18:33:35 [error] [exception.CHttpException.404] CHttpException: Unable to resolve the request "assets/543a7aae/jquery.ba-bbq.min.js". in C:\xampp\htdocs\cricketLeague\yii\framework\web\CWebApplication.php:286
Stack trace:
#0 C:\xampp\htdocs\cricketLeague\yii\framework\web\CWebApplication.php(141): CWebApplication->runController('assets/543a7aae...')
#1 C:\xampp\htdocs\cricketLeague\yii\framework\base\CApplication.php(185): CWebApplication->processRequest()
#2 C:\xampp\htdocs\cricketLeague\index.php(13): CApplication->run()
#3 {main}
REQUEST_URI=/cricketLeague/assets/543a7aae/jquery.ba-bbq.min.js
HTTP_REFERER=http://localhost/cricketLeague/
---
2018/07/15 18:33:38 [error] [exception.CHttpException.404] CHttpException: Unable to resolve the request "assets/543a7aae/jquery.min.js". in C:\xampp\htdocs\cricketLeague\yii\framework\web\CWebApplication.php:286
Stack trace:
#0 C:\xampp\htdocs\cricketLeague\yii\framework\web\CWebApplication.php(141): CWebApplication->runController('assets/543a7aae...')
#1 C:\xampp\htdocs\cricketLeague\yii\framework\base\CApplication.php(185): CWebApplication->processRequest()
#2 C:\xampp\htdocs\cricketLeague\index.php(13): CApplication->run()
#3 {main}
REQUEST_URI=/cricketLeague/assets/543a7aae/jquery.min.js
HTTP_REFERER=http://localhost/cricketLeague/
---
2018/07/15 18:33:38 [error] [exception.CHttpException.404] CHttpException: Unable to resolve the request "assets/543a7aae/jquery.ba-bbq.min.js". in C:\xampp\htdocs\cricketLeague\yii\framework\web\CWebApplication.php:286
Stack trace:
#0 C:\xampp\htdocs\cricketLeague\yii\framework\web\CWebApplication.php(141): CWebApplication->runController('assets/543a7aae...')
#1 C:\xampp\htdocs\cricketLeague\yii\framework\base\CApplication.php(185): CWebApplication->processRequest()
#2 C:\xampp\htdocs\cricketLeague\index.php(13): CApplication->run()
#3 {main}
REQUEST_URI=/cricketLeague/assets/543a7aae/jquery.ba-bbq.min.js
HTTP_REFERER=http://localhost/cricketLeague/
---
2018/07/15 18:33:38 [error] [exception.CHttpException.404] CHttpException: Unable to resolve the request "assets/543a7aae/jquery.yii.js". in C:\xampp\htdocs\cricketLeague\yii\framework\web\CWebApplication.php:286
Stack trace:
#0 C:\xampp\htdocs\cricketLeague\yii\framework\web\CWebApplication.php(141): CWebApplication->runController('assets/543a7aae...')
#1 C:\xampp\htdocs\cricketLeague\yii\framework\base\CApplication.php(185): CWebApplication->processRequest()
#2 C:\xampp\htdocs\cricketLeague\index.php(13): CApplication->run()
#3 {main}
REQUEST_URI=/cricketLeague/assets/543a7aae/jquery.yii.js
HTTP_REFERER=http://localhost/cricketLeague/
---
2018/07/15 18:33:38 [error] [exception.CHttpException.404] CHttpException: Unable to resolve the request "assets/543a7aae/jquery.ba-bbq.min.js". in C:\xampp\htdocs\cricketLeague\yii\framework\web\CWebApplication.php:286
Stack trace:
#0 C:\xampp\htdocs\cricketLeague\yii\framework\web\CWebApplication.php(141): CWebApplication->runController('assets/543a7aae...')
#1 C:\xampp\htdocs\cricketLeague\yii\framework\base\CApplication.php(185): CWebApplication->processRequest()
#2 C:\xampp\htdocs\cricketLeague\index.php(13): CApplication->run()
#3 {main}
REQUEST_URI=/cricketLeague/assets/543a7aae/jquery.ba-bbq.min.js
HTTP_REFERER=http://localhost/cricketLeague/
---
2018/07/15 18:33:39 [error] [exception.CHttpException.404] CHttpException: Unable to resolve the request "assets/543a7aae/jquery.min.js". in C:\xampp\htdocs\cricketLeague\yii\framework\web\CWebApplication.php:286
Stack trace:
#0 C:\xampp\htdocs\cricketLeague\yii\framework\web\CWebApplication.php(141): CWebApplication->runController('assets/543a7aae...')
#1 C:\xampp\htdocs\cricketLeague\yii\framework\base\CApplication.php(185): CWebApplication->processRequest()
#2 C:\xampp\htdocs\cricketLeague\index.php(13): CApplication->run()
#3 {main}
REQUEST_URI=/cricketLeague/assets/543a7aae/jquery.min.js
HTTP_REFERER=http://localhost/cricketLeague/
---
2018/07/15 18:33:39 [error] [exception.CHttpException.404] CHttpException: Unable to resolve the request "assets/543a7aae/jquery.ba-bbq.min.js". in C:\xampp\htdocs\cricketLeague\yii\framework\web\CWebApplication.php:286
Stack trace:
#0 C:\xampp\htdocs\cricketLeague\yii\framework\web\CWebApplication.php(141): CWebApplication->runController('assets/543a7aae...')
#1 C:\xampp\htdocs\cricketLeague\yii\framework\base\CApplication.php(185): CWebApplication->processRequest()
#2 C:\xampp\htdocs\cricketLeague\index.php(13): CApplication->run()
#3 {main}
REQUEST_URI=/cricketLeague/assets/543a7aae/jquery.ba-bbq.min.js
HTTP_REFERER=http://localhost/cricketLeague/
---
2018/07/15 18:33:41 [error] [exception.CHttpException.404] CHttpException: Unable to resolve the request "assets/543a7aae/jquery.ba-bbq.min.js". in C:\xampp\htdocs\cricketLeague\yii\framework\web\CWebApplication.php:286
Stack trace:
#0 C:\xampp\htdocs\cricketLeague\yii\framework\web\CWebApplication.php(141): CWebApplication->runController('assets/543a7aae...')
#1 C:\xampp\htdocs\cricketLeague\yii\framework\base\CApplication.php(185): CWebApplication->processRequest()
#2 C:\xampp\htdocs\cricketLeague\index.php(13): CApplication->run()
#3 {main}
REQUEST_URI=/cricketLeague/assets/543a7aae/jquery.ba-bbq.min.js
HTTP_REFERER=http://localhost/cricketLeague/
---
2018/07/15 18:33:41 [error] [exception.CHttpException.404] CHttpException: Unable to resolve the request "assets/543a7aae/jquery.yii.js". in C:\xampp\htdocs\cricketLeague\yii\framework\web\CWebApplication.php:286
Stack trace:
#0 C:\xampp\htdocs\cricketLeague\yii\framework\web\CWebApplication.php(141): CWebApplication->runController('assets/543a7aae...')
#1 C:\xampp\htdocs\cricketLeague\yii\framework\base\CApplication.php(185): CWebApplication->processRequest()
#2 C:\xampp\htdocs\cricketLeague\index.php(13): CApplication->run()
#3 {main}
REQUEST_URI=/cricketLeague/assets/543a7aae/jquery.yii.js
HTTP_REFERER=http://localhost/cricketLeague/
---
2018/07/15 18:33:42 [error] [exception.CHttpException.404] CHttpException: Unable to resolve the request "assets/543a7aae/jquery.min.js". in C:\xampp\htdocs\cricketLeague\yii\framework\web\CWebApplication.php:286
Stack trace:
#0 C:\xampp\htdocs\cricketLeague\yii\framework\web\CWebApplication.php(141): CWebApplication->runController('assets/543a7aae...')
#1 C:\xampp\htdocs\cricketLeague\yii\framework\base\CApplication.php(185): CWebApplication->processRequest()
#2 C:\xampp\htdocs\cricketLeague\index.php(13): CApplication->run()
#3 {main}
REQUEST_URI=/cricketLeague/assets/543a7aae/jquery.min.js
HTTP_REFERER=http://localhost/cricketLeague/
---
2018/07/15 18:33:42 [error] [exception.CHttpException.404] CHttpException: Unable to resolve the request "assets/543a7aae/jquery.yii.js". in C:\xampp\htdocs\cricketLeague\yii\framework\web\CWebApplication.php:286
Stack trace:
#0 C:\xampp\htdocs\cricketLeague\yii\framework\web\CWebApplication.php(141): CWebApplication->runController('assets/543a7aae...')
#1 C:\xampp\htdocs\cricketLeague\yii\framework\base\CApplication.php(185): CWebApplication->processRequest()
#2 C:\xampp\htdocs\cricketLeague\index.php(13): CApplication->run()
#3 {main}
REQUEST_URI=/cricketLeague/assets/543a7aae/jquery.yii.js
HTTP_REFERER=http://localhost/cricketLeague/
---
2018/07/15 18:33:42 [error] [exception.CHttpException.404] CHttpException: Unable to resolve the request "assets/543a7aae/jquery.ba-bbq.min.js". in C:\xampp\htdocs\cricketLeague\yii\framework\web\CWebApplication.php:286
Stack trace:
#0 C:\xampp\htdocs\cricketLeague\yii\framework\web\CWebApplication.php(141): CWebApplication->runController('assets/543a7aae...')
#1 C:\xampp\htdocs\cricketLeague\yii\framework\base\CApplication.php(185): CWebApplication->processRequest()
#2 C:\xampp\htdocs\cricketLeague\index.php(13): CApplication->run()
#3 {main}
REQUEST_URI=/cricketLeague/assets/543a7aae/jquery.ba-bbq.min.js
HTTP_REFERER=http://localhost/cricketLeague/
---
2018/07/15 18:33:51 [error] [exception.CHttpException.404] CHttpException: Unable to resolve the request "assets/543a7aae/jquery.min.js". in C:\xampp\htdocs\cricketLeague\yii\framework\web\CWebApplication.php:286
Stack trace:
#0 C:\xampp\htdocs\cricketLeague\yii\framework\web\CWebApplication.php(141): CWebApplication->runController('assets/543a7aae...')
#1 C:\xampp\htdocs\cricketLeague\yii\framework\base\CApplication.php(185): CWebApplication->processRequest()
#2 C:\xampp\htdocs\cricketLeague\index.php(13): CApplication->run()
#3 {main}
REQUEST_URI=/cricketLeague/assets/543a7aae/jquery.min.js
HTTP_REFERER=http://localhost/cricketLeague/
---
2018/07/15 18:33:51 [error] [exception.CHttpException.404] CHttpException: Unable to resolve the request "assets/543a7aae/jquery.ba-bbq.min.js". in C:\xampp\htdocs\cricketLeague\yii\framework\web\CWebApplication.php:286
Stack trace:
#0 C:\xampp\htdocs\cricketLeague\yii\framework\web\CWebApplication.php(141): CWebApplication->runController('assets/543a7aae...')
#1 C:\xampp\htdocs\cricketLeague\yii\framework\base\CApplication.php(185): CWebApplication->processRequest()
#2 C:\xampp\htdocs\cricketLeague\index.php(13): CApplication->run()
#3 {main}
REQUEST_URI=/cricketLeague/assets/543a7aae/jquery.ba-bbq.min.js
HTTP_REFERER=http://localhost/cricketLeague/
---
2018/07/15 18:33:53 [error] [exception.CHttpException.404] CHttpException: Unable to resolve the request "assets/543a7aae/jquery.min.js". in C:\xampp\htdocs\cricketLeague\yii\framework\web\CWebApplication.php:286
Stack trace:
#0 C:\xampp\htdocs\cricketLeague\yii\framework\web\CWebApplication.php(141): CWebApplication->runController('assets/543a7aae...')
#1 C:\xampp\htdocs\cricketLeague\yii\framework\base\CApplication.php(185): CWebApplication->processRequest()
#2 C:\xampp\htdocs\cricketLeague\index.php(13): CApplication->run()
#3 {main}
REQUEST_URI=/cricketLeague/assets/543a7aae/jquery.min.js
HTTP_REFERER=http://localhost/cricketLeague/
---
2018/07/15 18:33:53 [error] [exception.CHttpException.404] CHttpException: Unable to resolve the request "assets/543a7aae/jquery.ba-bbq.min.js". in C:\xampp\htdocs\cricketLeague\yii\framework\web\CWebApplication.php:286
Stack trace:
#0 C:\xampp\htdocs\cricketLeague\yii\framework\web\CWebApplication.php(141): CWebApplication->runController('assets/543a7aae...')
#1 C:\xampp\htdocs\cricketLeague\yii\framework\base\CApplication.php(185): CWebApplication->processRequest()
#2 C:\xampp\htdocs\cricketLeague\index.php(13): CApplication->run()
#3 {main}
REQUEST_URI=/cricketLeague/assets/543a7aae/jquery.ba-bbq.min.js
HTTP_REFERER=http://localhost/cricketLeague/
---
2018/07/15 18:33:53 [error] [exception.CHttpException.404] CHttpException: Unable to resolve the request "assets/543a7aae/jquery.yii.js". in C:\xampp\htdocs\cricketLeague\yii\framework\web\CWebApplication.php:286
Stack trace:
#0 C:\xampp\htdocs\cricketLeague\yii\framework\web\CWebApplication.php(141): CWebApplication->runController('assets/543a7aae...')
#1 C:\xampp\htdocs\cricketLeague\yii\framework\base\CApplication.php(185): CWebApplication->processRequest()
#2 C:\xampp\htdocs\cricketLeague\index.php(13): CApplication->run()
#3 {main}
REQUEST_URI=/cricketLeague/assets/543a7aae/jquery.yii.js
HTTP_REFERER=http://localhost/cricketLeague/
---
2018/07/15 18:33:54 [error] [exception.CHttpException.404] CHttpException: Unable to resolve the request "assets/543a7aae/jquery.ba-bbq.min.js". in C:\xampp\htdocs\cricketLeague\yii\framework\web\CWebApplication.php:286
Stack trace:
#0 C:\xampp\htdocs\cricketLeague\yii\framework\web\CWebApplication.php(141): CWebApplication->runController('assets/543a7aae...')
#1 C:\xampp\htdocs\cricketLeague\yii\framework\base\CApplication.php(185): CWebApplication->processRequest()
#2 C:\xampp\htdocs\cricketLeague\index.php(13): CApplication->run()
#3 {main}
REQUEST_URI=/cricketLeague/assets/543a7aae/jquery.ba-bbq.min.js
HTTP_REFERER=http://localhost/cricketLeague/
---
2018/07/15 18:33:54 [error] [exception.CHttpException.404] CHttpException: Unable to resolve the request "assets/543a7aae/jquery.min.js". in C:\xampp\htdocs\cricketLeague\yii\framework\web\CWebApplication.php:286
Stack trace:
#0 C:\xampp\htdocs\cricketLeague\yii\framework\web\CWebApplication.php(141): CWebApplication->runController('assets/543a7aae...')
#1 C:\xampp\htdocs\cricketLeague\yii\framework\base\CApplication.php(185): CWebApplication->processRequest()
#2 C:\xampp\htdocs\cricketLeague\index.php(13): CApplication->run()
#3 {main}
REQUEST_URI=/cricketLeague/assets/543a7aae/jquery.min.js
HTTP_REFERER=http://localhost/cricketLeague/
---
2018/07/15 18:33:55 [error] [exception.CHttpException.404] CHttpException: Unable to resolve the request "assets/543a7aae/jquery.ba-bbq.min.js". in C:\xampp\htdocs\cricketLeague\yii\framework\web\CWebApplication.php:286
Stack trace:
#0 C:\xampp\htdocs\cricketLeague\yii\framework\web\CWebApplication.php(141): CWebApplication->runController('assets/543a7aae...')
#1 C:\xampp\htdocs\cricketLeague\yii\framework\base\CApplication.php(185): CWebApplication->processRequest()
#2 C:\xampp\htdocs\cricketLeague\index.php(13): CApplication->run()
#3 {main}
REQUEST_URI=/cricketLeague/assets/543a7aae/jquery.ba-bbq.min.js
HTTP_REFERER=http://localhost/cricketLeague/
---
2018/07/15 18:33:58 [error] [exception.CHttpException.404] CHttpException: Unable to resolve the request "assets/543a7aae/jquery.ba-bbq.min.js". in C:\xampp\htdocs\cricketLeague\yii\framework\web\CWebApplication.php:286
Stack trace:
#0 C:\xampp\htdocs\cricketLeague\yii\framework\web\CWebApplication.php(141): CWebApplication->runController('assets/543a7aae...')
#1 C:\xampp\htdocs\cricketLeague\yii\framework\base\CApplication.php(185): CWebApplication->processRequest()
#2 C:\xampp\htdocs\cricketLeague\index.php(13): CApplication->run()
#3 {main}
REQUEST_URI=/cricketLeague/assets/543a7aae/jquery.ba-bbq.min.js
HTTP_REFERER=http://localhost/cricketLeague/
---
2018/07/15 18:33:58 [error] [exception.CHttpException.404] CHttpException: Unable to resolve the request "assets/543a7aae/jquery.yii.js". in C:\xampp\htdocs\cricketLeague\yii\framework\web\CWebApplication.php:286
Stack trace:
#0 C:\xampp\htdocs\cricketLeague\yii\framework\web\CWebApplication.php(141): CWebApplication->runController('assets/543a7aae...')
#1 C:\xampp\htdocs\cricketLeague\yii\framework\base\CApplication.php(185): CWebApplication->processRequest()
#2 C:\xampp\htdocs\cricketLeague\index.php(13): CApplication->run()
#3 {main}
REQUEST_URI=/cricketLeague/assets/543a7aae/jquery.yii.js
HTTP_REFERER=http://localhost/cricketLeague/
---
2018/07/15 18:33:58 [error] [exception.CHttpException.404] CHttpException: Unable to resolve the request "assets/543a7aae/jquery.min.js". in C:\xampp\htdocs\cricketLeague\yii\framework\web\CWebApplication.php:286
Stack trace:
#0 C:\xampp\htdocs\cricketLeague\yii\framework\web\CWebApplication.php(141): CWebApplication->runController('assets/543a7aae...')
#1 C:\xampp\htdocs\cricketLeague\yii\framework\base\CApplication.php(185): CWebApplication->processRequest()
#2 C:\xampp\htdocs\cricketLeague\index.php(13): CApplication->run()
#3 {main}
REQUEST_URI=/cricketLeague/assets/543a7aae/jquery.min.js
HTTP_REFERER=http://localhost/cricketLeague/
---
2018/07/15 18:33:58 [error] [exception.CHttpException.404] CHttpException: Unable to resolve the request "assets/543a7aae/jquery.yii.js". in C:\xampp\htdocs\cricketLeague\yii\framework\web\CWebApplication.php:286
Stack trace:
#0 C:\xampp\htdocs\cricketLeague\yii\framework\web\CWebApplication.php(141): CWebApplication->runController('assets/543a7aae...')
#1 C:\xampp\htdocs\cricketLeague\yii\framework\base\CApplication.php(185): CWebApplication->processRequest()
#2 C:\xampp\htdocs\cricketLeague\index.php(13): CApplication->run()
#3 {main}
REQUEST_URI=/cricketLeague/assets/543a7aae/jquery.yii.js
HTTP_REFERER=http://localhost/cricketLeague/
---
2018/07/15 18:33:58 [error] [exception.CHttpException.404] CHttpException: Unable to resolve the request "assets/543a7aae/jquery.ba-bbq.min.js". in C:\xampp\htdocs\cricketLeague\yii\framework\web\CWebApplication.php:286
Stack trace:
#0 C:\xampp\htdocs\cricketLeague\yii\framework\web\CWebApplication.php(141): CWebApplication->runController('assets/543a7aae...')
#1 C:\xampp\htdocs\cricketLeague\yii\framework\base\CApplication.php(185): CWebApplication->processRequest()
#2 C:\xampp\htdocs\cricketLeague\index.php(13): CApplication->run()
#3 {main}
REQUEST_URI=/cricketLeague/assets/543a7aae/jquery.ba-bbq.min.js
HTTP_REFERER=http://localhost/cricketLeague/
---
2018/07/15 18:34:27 [error] [exception.CHttpException.404] CHttpException: Unable to resolve the request "assets/543a7aae/jquery.min.js". in C:\xampp\htdocs\cricketLeague\yii\framework\web\CWebApplication.php:286
Stack trace:
#0 C:\xampp\htdocs\cricketLeague\yii\framework\web\CWebApplication.php(141): CWebApplication->runController('assets/543a7aae...')
#1 C:\xampp\htdocs\cricketLeague\yii\framework\base\CApplication.php(185): CWebApplication->processRequest()
#2 C:\xampp\htdocs\cricketLeague\index.php(13): CApplication->run()
#3 {main}
REQUEST_URI=/cricketLeague/assets/543a7aae/jquery.min.js
HTTP_REFERER=http://localhost/cricketLeague/
---
2018/07/15 18:34:27 [error] [exception.CHttpException.404] CHttpException: Unable to resolve the request "assets/543a7aae/jquery.ba-bbq.min.js". in C:\xampp\htdocs\cricketLeague\yii\framework\web\CWebApplication.php:286
Stack trace:
#0 C:\xampp\htdocs\cricketLeague\yii\framework\web\CWebApplication.php(141): CWebApplication->runController('assets/543a7aae...')
#1 C:\xampp\htdocs\cricketLeague\yii\framework\base\CApplication.php(185): CWebApplication->processRequest()
#2 C:\xampp\htdocs\cricketLeague\index.php(13): CApplication->run()
#3 {main}
REQUEST_URI=/cricketLeague/assets/543a7aae/jquery.ba-bbq.min.js
HTTP_REFERER=http://localhost/cricketLeague/
---
2018/07/15 18:34:27 [error] [exception.CHttpException.404] CHttpException: Unable to resolve the request "assets/543a7aae/jquery.yii.js". in C:\xampp\htdocs\cricketLeague\yii\framework\web\CWebApplication.php:286
Stack trace:
#0 C:\xampp\htdocs\cricketLeague\yii\framework\web\CWebApplication.php(141): CWebApplication->runController('assets/543a7aae...')
#1 C:\xampp\htdocs\cricketLeague\yii\framework\base\CApplication.php(185): CWebApplication->processRequest()
#2 C:\xampp\htdocs\cricketLeague\index.php(13): CApplication->run()
#3 {main}
REQUEST_URI=/cricketLeague/assets/543a7aae/jquery.yii.js
HTTP_REFERER=http://localhost/cricketLeague/
---
2018/07/15 18:34:27 [error] [exception.CHttpException.404] CHttpException: Unable to resolve the request "assets/543a7aae/jquery.ba-bbq.min.js". in C:\xampp\htdocs\cricketLeague\yii\framework\web\CWebApplication.php:286
Stack trace:
#0 C:\xampp\htdocs\cricketLeague\yii\framework\web\CWebApplication.php(141): CWebApplication->runController('assets/543a7aae...')
#1 C:\xampp\htdocs\cricketLeague\yii\framework\base\CApplication.php(185): CWebApplication->processRequest()
#2 C:\xampp\htdocs\cricketLeague\index.php(13): CApplication->run()
#3 {main}
REQUEST_URI=/cricketLeague/assets/543a7aae/jquery.ba-bbq.min.js
HTTP_REFERER=http://localhost/cricketLeague/
---
2018/07/15 18:35:00 [error] [exception.CHttpException.404] CHttpException: Unable to resolve the request "assets/543a7aae/jquery.ba-bbq.min.js". in C:\xampp\htdocs\cricketLeague\yii\framework\web\CWebApplication.php:286
Stack trace:
#0 C:\xampp\htdocs\cricketLeague\yii\framework\web\CWebApplication.php(141): CWebApplication->runController('assets/543a7aae...')
#1 C:\xampp\htdocs\cricketLeague\yii\framework\base\CApplication.php(185): CWebApplication->processRequest()
#2 C:\xampp\htdocs\cricketLeague\index.php(13): CApplication->run()
#3 {main}
REQUEST_URI=/cricketLeague/assets/543a7aae/jquery.ba-bbq.min.js
HTTP_REFERER=http://localhost/cricketLeague/
---
2018/07/15 18:35:00 [error] [exception.CHttpException.404] CHttpException: Unable to resolve the request "assets/543a7aae/jquery.min.js". in C:\xampp\htdocs\cricketLeague\yii\framework\web\CWebApplication.php:286
Stack trace:
#0 C:\xampp\htdocs\cricketLeague\yii\framework\web\CWebApplication.php(141): CWebApplication->runController('assets/543a7aae...')
#1 C:\xampp\htdocs\cricketLeague\yii\framework\base\CApplication.php(185): CWebApplication->processRequest()
#2 C:\xampp\htdocs\cricketLeague\index.php(13): CApplication->run()
#3 {main}
REQUEST_URI=/cricketLeague/assets/543a7aae/jquery.min.js
HTTP_REFERER=http://localhost/cricketLeague/
---
2018/07/15 18:35:00 [error] [exception.CHttpException.404] CHttpException: Unable to resolve the request "assets/543a7aae/jquery.yii.js". in C:\xampp\htdocs\cricketLeague\yii\framework\web\CWebApplication.php:286
Stack trace:
#0 C:\xampp\htdocs\cricketLeague\yii\framework\web\CWebApplication.php(141): CWebApplication->runController('assets/543a7aae...')
#1 C:\xampp\htdocs\cricketLeague\yii\framework\base\CApplication.php(185): CWebApplication->processRequest()
#2 C:\xampp\htdocs\cricketLeague\index.php(13): CApplication->run()
#3 {main}
REQUEST_URI=/cricketLeague/assets/543a7aae/jquery.yii.js
HTTP_REFERER=http://localhost/cricketLeague/
---
2018/07/15 18:35:00 [error] [exception.CHttpException.404] CHttpException: Unable to resolve the request "assets/543a7aae/jquery.ba-bbq.min.js". in C:\xampp\htdocs\cricketLeague\yii\framework\web\CWebApplication.php:286
Stack trace:
#0 C:\xampp\htdocs\cricketLeague\yii\framework\web\CWebApplication.php(141): CWebApplication->runController('assets/543a7aae...')
#1 C:\xampp\htdocs\cricketLeague\yii\framework\base\CApplication.php(185): CWebApplication->processRequest()
#2 C:\xampp\htdocs\cricketLeague\index.php(13): CApplication->run()
#3 {main}
REQUEST_URI=/cricketLeague/assets/543a7aae/jquery.ba-bbq.min.js
HTTP_REFERER=http://localhost/cricketLeague/
---
2018/07/15 18:35:13 [error] [exception.CHttpException.404] CHttpException: Unable to resolve the request "assets/543a7aae/jquery.yii.js". in C:\xampp\htdocs\cricketLeague\yii\framework\web\CWebApplication.php:286
Stack trace:
#0 C:\xampp\htdocs\cricketLeague\yii\framework\web\CWebApplication.php(141): CWebApplication->runController('assets/543a7aae...')
#1 C:\xampp\htdocs\cricketLeague\yii\framework\base\CApplication.php(185): CWebApplication->processRequest()
#2 C:\xampp\htdocs\cricketLeague\index.php(13): CApplication->run()
#3 {main}
REQUEST_URI=/cricketLeague/assets/543a7aae/jquery.yii.js
HTTP_REFERER=http://localhost/cricketLeague/
---
2018/07/15 18:35:13 [error] [exception.CHttpException.404] CHttpException: Unable to resolve the request "assets/543a7aae/jquery.ba-bbq.min.js". in C:\xampp\htdocs\cricketLeague\yii\framework\web\CWebApplication.php:286
Stack trace:
#0 C:\xampp\htdocs\cricketLeague\yii\framework\web\CWebApplication.php(141): CWebApplication->runController('assets/543a7aae...')
#1 C:\xampp\htdocs\cricketLeague\yii\framework\base\CApplication.php(185): CWebApplication->processRequest()
#2 C:\xampp\htdocs\cricketLeague\index.php(13): CApplication->run()
#3 {main}
REQUEST_URI=/cricketLeague/assets/543a7aae/jquery.ba-bbq.min.js
HTTP_REFERER=http://localhost/cricketLeague/
---
2018/07/15 18:35:13 [error] [exception.CHttpException.404] CHttpException: Unable to resolve the request "assets/543a7aae/jquery.min.js". in C:\xampp\htdocs\cricketLeague\yii\framework\web\CWebApplication.php:286
Stack trace:
#0 C:\xampp\htdocs\cricketLeague\yii\framework\web\CWebApplication.php(141): CWebApplication->runController('assets/543a7aae...')
#1 C:\xampp\htdocs\cricketLeague\yii\framework\base\CApplication.php(185): CWebApplication->processRequest()
#2 C:\xampp\htdocs\cricketLeague\index.php(13): CApplication->run()
#3 {main}
REQUEST_URI=/cricketLeague/assets/543a7aae/jquery.min.js
HTTP_REFERER=http://localhost/cricketLeague/
---
2018/07/15 18:35:13 [error] [exception.CHttpException.404] CHttpException: Unable to resolve the request "assets/543a7aae/jquery.min.js". in C:\xampp\htdocs\cricketLeague\yii\framework\web\CWebApplication.php:286
Stack trace:
#0 C:\xampp\htdocs\cricketLeague\yii\framework\web\CWebApplication.php(141): CWebApplication->runController('assets/543a7aae...')
#1 C:\xampp\htdocs\cricketLeague\yii\framework\base\CApplication.php(185): CWebApplication->processRequest()
#2 C:\xampp\htdocs\cricketLeague\index.php(13): CApplication->run()
#3 {main}
REQUEST_URI=/cricketLeague/assets/543a7aae/jquery.min.js
HTTP_REFERER=http://localhost/cricketLeague/
---
2018/07/15 18:35:13 [error] [exception.CHttpException.404] CHttpException: Unable to resolve the request "assets/543a7aae/jquery.yii.js". in C:\xampp\htdocs\cricketLeague\yii\framework\web\CWebApplication.php:286
Stack trace:
#0 C:\xampp\htdocs\cricketLeague\yii\framework\web\CWebApplication.php(141): CWebApplication->runController('assets/543a7aae...')
#1 C:\xampp\htdocs\cricketLeague\yii\framework\base\CApplication.php(185): CWebApplication->processRequest()
#2 C:\xampp\htdocs\cricketLeague\index.php(13): CApplication->run()
#3 {main}
REQUEST_URI=/cricketLeague/assets/543a7aae/jquery.yii.js
HTTP_REFERER=http://localhost/cricketLeague/
---
2018/07/15 18:35:13 [error] [exception.CHttpException.404] CHttpException: Unable to resolve the request "assets/543a7aae/jquery.ba-bbq.min.js". in C:\xampp\htdocs\cricketLeague\yii\framework\web\CWebApplication.php:286
Stack trace:
#0 C:\xampp\htdocs\cricketLeague\yii\framework\web\CWebApplication.php(141): CWebApplication->runController('assets/543a7aae...')
#1 C:\xampp\htdocs\cricketLeague\yii\framework\base\CApplication.php(185): CWebApplication->processRequest()
#2 C:\xampp\htdocs\cricketLeague\index.php(13): CApplication->run()
#3 {main}
REQUEST_URI=/cricketLeague/assets/543a7aae/jquery.ba-bbq.min.js
HTTP_REFERER=http://localhost/cricketLeague/
---
2018/07/15 18:35:26 [error] [exception.CHttpException.404] CHttpException: Unable to resolve the request "assets/543a7aae/jquery.yii.js". in C:\xampp\htdocs\cricketLeague\yii\framework\web\CWebApplication.php:286
Stack trace:
#0 C:\xampp\htdocs\cricketLeague\yii\framework\web\CWebApplication.php(141): CWebApplication->runController('assets/543a7aae...')
#1 C:\xampp\htdocs\cricketLeague\yii\framework\base\CApplication.php(185): CWebApplication->processRequest()
#2 C:\xampp\htdocs\cricketLeague\index.php(13): CApplication->run()
#3 {main}
REQUEST_URI=/cricketLeague/assets/543a7aae/jquery.yii.js
HTTP_REFERER=http://localhost/cricketLeague/
---
2018/07/15 18:35:26 [error] [exception.CHttpException.404] CHttpException: Unable to resolve the request "assets/543a7aae/jquery.ba-bbq.min.js". in C:\xampp\htdocs\cricketLeague\yii\framework\web\CWebApplication.php:286
Stack trace:
#0 C:\xampp\htdocs\cricketLeague\yii\framework\web\CWebApplication.php(141): CWebApplication->runController('assets/543a7aae...')
#1 C:\xampp\htdocs\cricketLeague\yii\framework\base\CApplication.php(185): CWebApplication->processRequest()
#2 C:\xampp\htdocs\cricketLeague\index.php(13): CApplication->run()
#3 {main}
REQUEST_URI=/cricketLeague/assets/543a7aae/jquery.ba-bbq.min.js
HTTP_REFERER=http://localhost/cricketLeague/
---
2018/07/15 18:35:26 [error] [exception.CHttpException.404] CHttpException: Unable to resolve the request "assets/543a7aae/jquery.min.js". in C:\xampp\htdocs\cricketLeague\yii\framework\web\CWebApplication.php:286
Stack trace:
#0 C:\xampp\htdocs\cricketLeague\yii\framework\web\CWebApplication.php(141): CWebApplication->runController('assets/543a7aae...')
#1 C:\xampp\htdocs\cricketLeague\yii\framework\base\CApplication.php(185): CWebApplication->processRequest()
#2 C:\xampp\htdocs\cricketLeague\index.php(13): CApplication->run()
#3 {main}
REQUEST_URI=/cricketLeague/assets/543a7aae/jquery.min.js
HTTP_REFERER=http://localhost/cricketLeague/
---
2018/07/15 18:35:26 [error] [exception.CHttpException.404] CHttpException: Unable to resolve the request "assets/543a7aae/jquery.yii.js". in C:\xampp\htdocs\cricketLeague\yii\framework\web\CWebApplication.php:286
Stack trace:
#0 C:\xampp\htdocs\cricketLeague\yii\framework\web\CWebApplication.php(141): CWebApplication->runController('assets/543a7aae...')
#1 C:\xampp\htdocs\cricketLeague\yii\framework\base\CApplication.php(185): CWebApplication->processRequest()
#2 C:\xampp\htdocs\cricketLeague\index.php(13): CApplication->run()
#3 {main}
REQUEST_URI=/cricketLeague/assets/543a7aae/jquery.yii.js
HTTP_REFERER=http://localhost/cricketLeague/
---
2018/07/15 18:35:26 [error] [exception.CHttpException.404] CHttpException: Unable to resolve the request "assets/543a7aae/jquery.ba-bbq.min.js". in C:\xampp\htdocs\cricketLeague\yii\framework\web\CWebApplication.php:286
Stack trace:
#0 C:\xampp\htdocs\cricketLeague\yii\framework\web\CWebApplication.php(141): CWebApplication->runController('assets/543a7aae...')
#1 C:\xampp\htdocs\cricketLeague\yii\framework\base\CApplication.php(185): CWebApplication->processRequest()
#2 C:\xampp\htdocs\cricketLeague\index.php(13): CApplication->run()
#3 {main}
REQUEST_URI=/cricketLeague/assets/543a7aae/jquery.ba-bbq.min.js
HTTP_REFERER=http://localhost/cricketLeague/
---
2018/07/15 18:36:45 [error] [exception.CHttpException.404] CHttpException: Unable to resolve the request "assets/543a7aae/jquery.ba-bbq.min.js". in C:\xampp\htdocs\cricketLeague\yii\framework\web\CWebApplication.php:286
Stack trace:
#0 C:\xampp\htdocs\cricketLeague\yii\framework\web\CWebApplication.php(141): CWebApplication->runController('assets/543a7aae...')
#1 C:\xampp\htdocs\cricketLeague\yii\framework\base\CApplication.php(185): CWebApplication->processRequest()
#2 C:\xampp\htdocs\cricketLeague\index.php(13): CApplication->run()
#3 {main}
REQUEST_URI=/cricketLeague/assets/543a7aae/jquery.ba-bbq.min.js
HTTP_REFERER=http://localhost/cricketLeague/
---
2018/07/15 18:36:45 [error] [exception.CHttpException.404] CHttpException: Unable to resolve the request "assets/543a7aae/jquery.yii.js". in C:\xampp\htdocs\cricketLeague\yii\framework\web\CWebApplication.php:286
Stack trace:
#0 C:\xampp\htdocs\cricketLeague\yii\framework\web\CWebApplication.php(141): CWebApplication->runController('assets/543a7aae...')
#1 C:\xampp\htdocs\cricketLeague\yii\framework\base\CApplication.php(185): CWebApplication->processRequest()
#2 C:\xampp\htdocs\cricketLeague\index.php(13): CApplication->run()
#3 {main}
REQUEST_URI=/cricketLeague/assets/543a7aae/jquery.yii.js
HTTP_REFERER=http://localhost/cricketLeague/
---
2018/07/15 18:36:45 [error] [exception.CHttpException.404] CHttpException: Unable to resolve the request "assets/543a7aae/jquery.min.js". in C:\xampp\htdocs\cricketLeague\yii\framework\web\CWebApplication.php:286
Stack trace:
#0 C:\xampp\htdocs\cricketLeague\yii\framework\web\CWebApplication.php(141): CWebApplication->runController('assets/543a7aae...')
#1 C:\xampp\htdocs\cricketLeague\yii\framework\base\CApplication.php(185): CWebApplication->processRequest()
#2 C:\xampp\htdocs\cricketLeague\index.php(13): CApplication->run()
#3 {main}
REQUEST_URI=/cricketLeague/assets/543a7aae/jquery.min.js
HTTP_REFERER=http://localhost/cricketLeague/
---
2018/07/15 18:36:45 [error] [exception.CHttpException.404] CHttpException: Unable to resolve the request "assets/543a7aae/jquery.yii.js". in C:\xampp\htdocs\cricketLeague\yii\framework\web\CWebApplication.php:286
Stack trace:
#0 C:\xampp\htdocs\cricketLeague\yii\framework\web\CWebApplication.php(141): CWebApplication->runController('assets/543a7aae...')
#1 C:\xampp\htdocs\cricketLeague\yii\framework\base\CApplication.php(185): CWebApplication->processRequest()
#2 C:\xampp\htdocs\cricketLeague\index.php(13): CApplication->run()
#3 {main}
REQUEST_URI=/cricketLeague/assets/543a7aae/jquery.yii.js
HTTP_REFERER=http://localhost/cricketLeague/
---
2018/07/15 18:36:45 [error] [exception.CHttpException.404] CHttpException: Unable to resolve the request "assets/543a7aae/jquery.ba-bbq.min.js". in C:\xampp\htdocs\cricketLeague\yii\framework\web\CWebApplication.php:286
Stack trace:
#0 C:\xampp\htdocs\cricketLeague\yii\framework\web\CWebApplication.php(141): CWebApplication->runController('assets/543a7aae...')
#1 C:\xampp\htdocs\cricketLeague\yii\framework\base\CApplication.php(185): CWebApplication->processRequest()
#2 C:\xampp\htdocs\cricketLeague\index.php(13): CApplication->run()
#3 {main}
REQUEST_URI=/cricketLeague/assets/543a7aae/jquery.ba-bbq.min.js
HTTP_REFERER=http://localhost/cricketLeague/
---
